Arguments: 
  /home/bishop/.nvm/versions/node/v14.15.1/bin/node /usr/bin/yarn

PATH: 
  /home/bishop/.nvm/versions/node/v14.15.1/bin:/usr/local/sbin:/usr/local/bin:/usr/bin:/usr/lib/jvm/default/bin:/usr/bin/site_perl:/usr/bin/vendor_perl:/usr/bin/core_perl

Yarn version: 
  1.22.10

Node version: 
  14.15.1

Platform: 
  linux x64

Trace: 
  SyntaxError: /home/bishop/code/gostack/conceitos-dev/frontend/package.json: Unexpected token } in JSON at position 329
      at JSON.parse (<anonymous>)
      at /usr/lib/node_modules/yarn/lib/cli.js:1625:59
      at Generator.next (<anonymous>)
      at step (/usr/lib/node_modules/yarn/lib/cli.js:310:30)
      at /usr/lib/node_modules/yarn/lib/cli.js:321:13

npm manifest: 
  {
    "name": "frontend",
    "version": "1.0.0",
    "main": "index.js",
    "license": "MIT",
    "dependencies": {
      "@babel/cli": "^7.12.10",
      "@babel/core": "^7.12.10",
      "@babel/preset-env": "^7.12.11",
      "@babel/preset-react": "^7.12.10",
      "babel-loader": "^8.2.2",
      "react": "^17.0.1",
      "react-dom": "^17.0.1",
    },
  }

yarn manifest: 
  No manifest

Lockfile: 
  No lockfile
